Compiled application.js  (4ms)  (pid 65619)
Compiled jquery.js  (2ms)  (pid 65619)
Compiled jquery_ujs.js  (0ms)  (pid 65619)
Compiled pages.js  (154ms)  (pid 65619)
Compiled application.css  (42ms)  (pid 65619)
Compiled mercury_overrides.css  (70ms)  (pid 65619)
Compiled pages.css  (148ms)  (pid 65619)
Compiled application.js  (5ms)  (pid 65603)
Compiled jquery.js  (2ms)  (pid 65603)
Compiled jquery_ujs.js  (0ms)  (pid 65603)
Compiled pages.js  (376ms)  (pid 65603)
Compiled application.css  (2ms)  (pid 65603)
Compiled mercury_overrides.css  (0ms)  (pid 65603)
Compiled pages.css  (16ms)  (pid 65603)
Compiled application.js  (8ms)  (pid 66464)
Compiled jquery.js  (4ms)  (pid 66464)
Compiled jquery_ujs.js  (0ms)  (pid 66464)
Compiled pages.js  (244ms)  (pid 66464)
Compiled application.css  (22ms)  (pid 66464)
Compiled mercury_overrides.css  (15ms)  (pid 66464)
Compiled pages.css  (16ms)  (pid 66464)
Compiled application.js  (5ms)  (pid 66449)
Compiled jquery.js  (2ms)  (pid 66449)
Compiled jquery_ujs.js  (0ms)  (pid 66449)
Compiled pages.js  (342ms)  (pid 66449)
Compiled application.css  (1ms)  (pid 66449)
Compiled mercury_overrides.css  (15ms)  (pid 66449)
Compiled pages.css  (69ms)  (pid 66449)
Compiled application.js  (4ms)  (pid 66780)
Compiled jquery.js  (2ms)  (pid 66780)
Compiled jquery_ujs.js  (0ms)  (pid 66780)
Compiled pages.js  (119ms)  (pid 66780)
Compiled application.css  (23ms)  (pid 66780)
Compiled mercury_overrides.css  (15ms)  (pid 66780)
Compiled pages.css  (36ms)  (pid 66780)
Compiled application.js  (4ms)  (pid 66765)
Compiled jquery.js  (2ms)  (pid 66765)
Compiled jquery_ujs.js  (0ms)  (pid 66765)
Compiled pages.js  (176ms)  (pid 66765)
Compiled application.css  (11ms)  (pid 66765)
Compiled mercury_overrides.css  (14ms)  (pid 66765)
Compiled pages.css  (19ms)  (pid 66765)
Compiled application.js  (12ms)  (pid 8046)
Compiled jquery.js  (19ms)  (pid 8046)
Compiled jquery_ujs.js  (1ms)  (pid 8046)
Compiled pages.js  (243ms)  (pid 8046)
Compiled mercury.js  (36ms)  (pid 8046)
Compiled mercury/dependencies/jquery-1.6.js  (23ms)  (pid 8046)
Compiled mercury/mercury.js  (177ms)  (pid 8046)
Compiled mercury/dependencies/jquery-ui-1.8.13.custom.js  (1ms)  (pid 8046)
Compiled mercury/dependencies/jquery.additions.js  (0ms)  (pid 8046)
Compiled mercury/dependencies/jquery.htmlClean.js  (1ms)  (pid 8046)
Compiled mercury/dependencies/liquidmetal.js  (0ms)  (pid 8046)
Compiled mercury/dependencies/showdown.js  (1ms)  (pid 8046)
Compiled mercury/native_extensions.js  (126ms)  (pid 8046)
Compiled mercury/page_editor.js  (486ms)  (pid 8046)
Compiled mercury/history_buffer.js  (115ms)  (pid 8046)
Compiled mercury/table_editor.js  (754ms)  (pid 8046)
Compiled mercury/dialog.js  (202ms)  (pid 8046)
Compiled mercury/palette.js  (144ms)  (pid 8046)
Compiled mercury/select.js  (130ms)  (pid 8046)
Compiled mercury/panel.js  (247ms)  (pid 8046)
Compiled mercury/modal.js  (357ms)  (pid 8046)
Compiled mercury/lightview.js  (314ms)  (pid 8046)
Compiled mercury/statusbar.js  (137ms)  (pid 8046)
Compiled mercury/toolbar.js  (194ms)  (pid 8046)
Compiled mercury/toolbar.button.js  (334ms)  (pid 8046)
Compiled mercury/toolbar.button_group.js  (188ms)  (pid 8046)
Compiled mercury/toolbar.expander.js  (143ms)  (pid 8046)
Compiled mercury/tooltip.js  (149ms)  (pid 8046)
Compiled mercury/snippet.js  (161ms)  (pid 8046)
Compiled mercury/snippet_toolbar.js  (146ms)  (pid 8046)
Compiled mercury/region.js  (179ms)  (pid 8046)
Compiled mercury/uploader.js  (481ms)  (pid 8046)
Compiled mercury/regions/editable.js  (2010ms)  (pid 8046)
Compiled mercury/regions/markupable.js  (1069ms)  (pid 8046)
Compiled mercury/regions/snippetable.js  (195ms)  (pid 8046)
Compiled mercury/dialogs/backcolor.js  (116ms)  (pid 8046)
Compiled mercury/dialogs/forecolor.js  (106ms)  (pid 8046)
Compiled mercury/dialogs/formatblock.js  (156ms)  (pid 8046)
Compiled mercury/dialogs/objectspanel.js  (110ms)  (pid 8046)
Compiled mercury/dialogs/style.js  (103ms)  (pid 8046)
Compiled mercury/modals/htmleditor.js  (108ms)  (pid 8046)
Compiled mercury/modals/insertcharacter.js  (104ms)  (pid 8046)
Compiled mercury/modals/insertlink.js  (219ms)  (pid 8046)
Compiled mercury/modals/insertmedia.js  (265ms)  (pid 8046)
Compiled mercury/modals/insertsnippet.js  (106ms)  (pid 8046)
Compiled mercury/modals/inserttable.js  (140ms)  (pid 8046)
Compiled mercury/finalize.js  (101ms)  (pid 8046)
Compiled application.css  (15ms)  (pid 8046)
Compiled mercury_overrides.css  (14ms)  (pid 8046)
Compiled pages.css  (26ms)  (pid 8046)
Compiled mercury.css  (14ms)  (pid 8046)
Compiled mercury/mercury.css  (5ms)  (pid 8046)
Compiled mercury/dialog.css  (0ms)  (pid 8046)
Compiled mercury/lightview.css  (0ms)  (pid 8046)
Compiled mercury/modal.css  (0ms)  (pid 8046)
Compiled mercury/statusbar.css  (0ms)  (pid 8046)
Compiled mercury/toolbar.css  (0ms)  (pid 8046)
Compiled mercury/tooltip.css  (0ms)  (pid 8046)
Compiled mercury/uploader.css  (0ms)  (pid 8046)
Compiled application.js  (79ms)  (pid 7947)
Compiled jquery.js  (4ms)  (pid 7947)
Compiled jquery_ujs.js  (0ms)  (pid 7947)
Compiled pages.js  (799ms)  (pid 7947)
Compiled mercury.js  (36ms)  (pid 7947)
Compiled mercury/dependencies/jquery-1.6.js  (27ms)  (pid 7947)
Compiled mercury/mercury.js  (197ms)  (pid 7947)
Compiled mercury/dependencies/jquery-ui-1.8.13.custom.js  (1ms)  (pid 7947)
Compiled mercury/dependencies/jquery.additions.js  (0ms)  (pid 7947)
Compiled mercury/dependencies/jquery.htmlClean.js  (1ms)  (pid 7947)
Compiled mercury/dependencies/liquidmetal.js  (1ms)  (pid 7947)
Compiled mercury/dependencies/showdown.js  (1ms)  (pid 7947)
Compiled mercury/native_extensions.js  (132ms)  (pid 7947)
Compiled mercury/page_editor.js  (472ms)  (pid 7947)
Compiled mercury/history_buffer.js  (151ms)  (pid 7947)
Compiled mercury/table_editor.js  (852ms)  (pid 7947)
Compiled mercury/dialog.js  (236ms)  (pid 7947)
Compiled mercury/palette.js  (147ms)  (pid 7947)
Compiled mercury/select.js  (135ms)  (pid 7947)
Compiled mercury/panel.js  (189ms)  (pid 7947)
Compiled mercury/modal.js  (417ms)  (pid 7947)
Compiled mercury/lightview.js  (323ms)  (pid 7947)
Compiled mercury/statusbar.js  (140ms)  (pid 7947)
Compiled mercury/toolbar.js  (202ms)  (pid 7947)
Compiled mercury/toolbar.button.js  (334ms)  (pid 7947)
Compiled mercury/toolbar.button_group.js  (130ms)  (pid 7947)
Compiled mercury/toolbar.expander.js  (204ms)  (pid 7947)
Compiled mercury/tooltip.js  (143ms)  (pid 7947)
Compiled mercury/snippet.js  (175ms)  (pid 7947)
Compiled mercury/snippet_toolbar.js  (151ms)  (pid 7947)
Compiled mercury/region.js  (202ms)  (pid 7947)
Compiled mercury/uploader.js  (469ms)  (pid 7947)
Compiled mercury/regions/editable.js  (2631ms)  (pid 7947)
Compiled mercury/regions/markupable.js  (2153ms)  (pid 7947)
Compiled mercury/regions/snippetable.js  (407ms)  (pid 7947)
Compiled mercury/dialogs/backcolor.js  (156ms)  (pid 7947)
Compiled mercury/dialogs/forecolor.js  (120ms)  (pid 7947)
Compiled mercury/dialogs/formatblock.js  (165ms)  (pid 7947)
Compiled mercury/dialogs/objectspanel.js  (122ms)  (pid 7947)
Compiled mercury/dialogs/style.js  (102ms)  (pid 7947)
Compiled mercury/modals/htmleditor.js  (191ms)  (pid 7947)
Compiled mercury/modals/insertcharacter.js  (142ms)  (pid 7947)
Compiled mercury/modals/insertlink.js  (239ms)  (pid 7947)
Compiled mercury/modals/insertmedia.js  (227ms)  (pid 7947)
Compiled mercury/modals/insertsnippet.js  (110ms)  (pid 7947)
Compiled mercury/modals/inserttable.js  (170ms)  (pid 7947)
Compiled mercury/finalize.js  (127ms)  (pid 7947)
Compiled application.css  (15ms)  (pid 7947)
Compiled mercury_overrides.css  (15ms)  (pid 7947)
Compiled pages.css  (39ms)  (pid 7947)
Compiled mercury.css  (16ms)  (pid 7947)
Compiled mercury/mercury.css  (5ms)  (pid 7947)
Compiled mercury/dialog.css  (1ms)  (pid 7947)
Compiled mercury/lightview.css  (0ms)  (pid 7947)
Compiled mercury/modal.css  (5ms)  (pid 7947)
Compiled mercury/statusbar.css  (12ms)  (pid 7947)
Compiled mercury/toolbar.css  (0ms)  (pid 7947)
Compiled mercury/tooltip.css  (0ms)  (pid 7947)
Compiled mercury/uploader.css  (0ms)  (pid 7947)
